                               List of databases
+-----------+----------+----------+---------+---------+-----------------------+
|   Name    |  Owner   | Encoding | Collate |  Ctype  |   Access privileges   |
+-----------+----------+----------+---------+---------+-----------------------+
| postgres  | postgres | UTF8     | C.UTF-8 | C.UTF-8 |                       |
| template0 | postgres | UTF8     | C.UTF-8 | C.UTF-8 | =c/postgres          +|
|           |          |          |         |         | postgres=CTc/postgres |
| template1 | postgres | UTF8     | C.UTF-8 | C.UTF-8 | =c/postgres          +|
|           |          |          |         |         | postgres=CTc/postgres |
+-----------+----------+----------+---------+---------+-----------------------+
(3 rows)

CREATE DATABASE
DROP DATABASE
CREATE DATABASE
                                   List of databases
+----------------+--------------+----------+---------+---------+-----------------------+
|      Name      |    Owner     | Encoding | Collate |  Ctype  |   Access privileges   |
+----------------+--------------+----------+---------+---------+-----------------------+
| first_database | freecodecamp | UTF8     | C.UTF-8 | C.UTF-8 |                       |
| postgres       | postgres     | UTF8     | C.UTF-8 | C.UTF-8 |                       |
| template0      | postgres     | UTF8     | C.UTF-8 | C.UTF-8 | =c/postgres          +|
|                |              |          |         |         | postgres=CTc/postgres |
| template1      | postgres     | UTF8     | C.UTF-8 | C.UTF-8 | =c/postgres          +|
|                |              |          |         |         | postgres=CTc/postgres |
+----------------+--------------+----------+---------+---------+-----------------------+
(4 rows)

CREATE DATABASE
                                    List of databases
+-----------------+--------------+----------+---------+---------+-----------------------+
|      Name       |    Owner     | Encoding | Collate |  Ctype  |   Access privileges   |
+-----------------+--------------+----------+---------+---------+-----------------------+
| first_database  | freecodecamp | UTF8     | C.UTF-8 | C.UTF-8 |                       |
| postgres        | postgres     | UTF8     | C.UTF-8 | C.UTF-8 |                       |
| second_database | freecodecamp | UTF8     | C.UTF-8 | C.UTF-8 |                       |
| template0       | postgres     | UTF8     | C.UTF-8 | C.UTF-8 | =c/postgres          +|
|                 |              |          |         |         | postgres=CTc/postgres |
| template1       | postgres     | UTF8     | C.UTF-8 | C.UTF-8 | =c/postgres          +|
|                 |              |          |         |         | postgres=CTc/postgres |
+-----------------+--------------+----------+---------+---------+-----------------------+
(5 rows)

CREATE TABLE
               List of relations
+--------+-------------+-------+--------------+
| Schema |    Name     | Type  |    Owner     |
+--------+-------------+-------+--------------+
| public | first_table | table | freecodecamp |
+--------+-------------+-------+--------------+
(1 row)

CREATE TABLE
               List of relations
+--------+--------------+-------+--------------+
| Schema |     Name     | Type  |    Owner     |
+--------+--------------+-------+--------------+
| public | first_table  | table | freecodecamp |
| public | second_table | table | freecodecamp |
+--------+--------------+-------+--------------+
(2 rows)

           Table "public.second_table"
+--------+------+-----------+----------+---------+
| Column | Type | Collation | Nullable | Default |
+--------+------+-----------+----------+---------+
+--------+------+-----------+----------+---------+

ALTER TABLE
                Table "public.second_table"
+--------------+---------+-----------+----------+---------+
|    Column    |  Type   | Collation | Nullable | Default |
+--------------+---------+-----------+----------+---------+
| first_column | integer |           |          |         |
+--------------+---------+-----------+----------+---------+

ALTER TABLE
                Table "public.second_table"
+--------------+---------+-----------+----------+---------+
|    Column    |  Type   | Collation | Nullable | Default |
+--------------+---------+-----------+----------+---------+
| first_column | integer |           |          |         |
| id           | integer |           |          |         |
+--------------+---------+-----------+----------+---------+

ALTER TABLE
                Table "public.second_table"
+--------------+---------+-----------+----------+---------+
|    Column    |  Type   | Collation | Nullable | Default |
+--------------+---------+-----------+----------+---------+
| first_column | integer |           |          |         |
| id           | integer |           |          |         |
| age          | integer |           |          |         |
+--------------+---------+-----------+----------+---------+

ALTER TABLE
                Table "public.second_table"
+--------------+---------+-----------+----------+---------+
|    Column    |  Type   | Collation | Nullable | Default |
+--------------+---------+-----------+----------+---------+
| first_column | integer |           |          |         |
| id           | integer |           |          |         |
+--------------+---------+-----------+----------+---------+

                Table "public.second_table"
+--------------+---------+-----------+----------+---------+
|    Column    |  Type   | Collation | Nullable | Default |
+--------------+---------+-----------+----------+---------+
| first_column | integer |           |          |         |
| id           | integer |           |          |         |
+--------------+---------+-----------+----------+---------+

ALTER TABLE
ALTER TABLE
                    Table "public.second_table"
+--------+-----------------------+-----------+----------+---------+
| Column |         Type          | Collation | Nullable | Default |
+--------+-----------------------+-----------+----------+---------+
| id     | integer               |           |          |         |
| name   | character varying(30) |           |          |         |
+--------+-----------------------+-----------+----------+---------+

ALTER TABLE
                     Table "public.second_table"
+----------+-----------------------+-----------+----------+---------+
|  Column  |         Type          | Collation | Nullable | Default |
+----------+-----------------------+-----------+----------+---------+
| id       | integer               |           |          |         |
| username | character varying(30) |           |          |         |
+----------+-----------------------+-----------+----------+---------+

INSERT 0 1
                     Table "public.second_table"
+----------+-----------------------+-----------+----------+---------+
|  Column  |         Type          | Collation | Nullable | Default |
+----------+-----------------------+-----------+----------+---------+
| id       | integer               |           |          |         |
| username | character varying(30) |           |          |         |
+----------+-----------------------+-----------+----------+---------+

         
+----+----------+
| id | username |
+----+----------+
|  1 | Samus    |
+----+----------+
(1 row)

INSERT 0 1
         
+----+----------+
| id | username |
+----+----------+
|  1 | Samus    |
|  2 | Mario    |
+----+----------+
(2 rows)

INSERT 0 1
         
+----+----------+
| id | username |
+----+----------+
|  1 | Samus    |
|  2 | Mario    |
|  3 | Luigi    |
+----+----------+
(3 rows)

DELETE 1
         
+----+----------+
| id | username |
+----+----------+
|  1 | Samus    |
|  2 | Mario    |
+----+----------+
(2 rows)

DELETE 1
         
+----+----------+
| id | username |
+----+----------+
|  1 | Samus    |
+----+----------+
(1 row)

DELETE 1
         
+----+----------+
| id | username |
+----+----------+
+----+----------+
(0 rows)

                     Table "public.second_table"
+----------+-----------------------+-----------+----------+---------+
|  Column  |         Type          | Collation | Nullable | Default |
+----------+-----------------------+-----------+----------+---------+
| id       | integer               |           |          |         |
| username | character varying(30) |           |          |         |
+----------+-----------------------+-----------+----------+---------+

ALTER TABLE
ALTER TABLE
           Table "public.second_table"
+--------+------+-----------+----------+---------+
| Column | Type | Collation | Nullable | Default |
+--------+------+-----------+----------+---------+
+--------+------+-----------+----------+---------+

                                    List of databases
+-----------------+--------------+----------+---------+---------+-----------------------+
|      Name       |    Owner     | Encoding | Collate |  Ctype  |   Access privileges   |
+-----------------+--------------+----------+---------+---------+-----------------------+
| first_database  | freecodecamp | UTF8     | C.UTF-8 | C.UTF-8 |                       |
| postgres        | postgres     | UTF8     | C.UTF-8 | C.UTF-8 |                       |
| second_database | freecodecamp | UTF8     | C.UTF-8 | C.UTF-8 |                       |
| template0       | postgres     | UTF8     | C.UTF-8 | C.UTF-8 | =c/postgres          +|
|                 |              |          |         |         | postgres=CTc/postgres |
| template1       | postgres     | UTF8     | C.UTF-8 | C.UTF-8 | =c/postgres          +|
|                 |              |          |         |         | postgres=CTc/postgres |
+-----------------+--------------+----------+---------+---------+-----------------------+
(5 rows)

           Table "public.second_table"
+--------+------+-----------+----------+---------+
| Column | Type | Collation | Nullable | Default |
+--------+------+-----------+----------+---------+
+--------+------+-----------+----------+---------+

               List of relations
+--------+--------------+-------+--------------+
| Schema |     Name     | Type  |    Owner     |
+--------+--------------+-------+--------------+
| public | first_table  | table | freecodecamp |
| public | second_table | table | freecodecamp |
+--------+--------------+-------+--------------+
(2 rows)

DROP TABLE
DROP TABLE
                                    List of databases
+-----------------+--------------+----------+---------+---------+-----------------------+
|      Name       |    Owner     | Encoding | Collate |  Ctype  |   Access privileges   |
+-----------------+--------------+----------+---------+---------+-----------------------+
| first_database  | freecodecamp | UTF8     | C.UTF-8 | C.UTF-8 |                       |
| postgres        | postgres     | UTF8     | C.UTF-8 | C.UTF-8 |                       |
| second_database | freecodecamp | UTF8     | C.UTF-8 | C.UTF-8 |                       |
| template0       | postgres     | UTF8     | C.UTF-8 | C.UTF-8 | =c/postgres          +|
|                 |              |          |         |         | postgres=CTc/postgres |
| template1       | postgres     | UTF8     | C.UTF-8 | C.UTF-8 | =c/postgres          +|
|                 |              |          |         |         | postgres=CTc/postgres |
+-----------------+--------------+----------+---------+---------+-----------------------+
(5 rows)

ALTER DATABASE
                                    List of databases
+-----------------+--------------+----------+---------+---------+-----------------------+
|      Name       |    Owner     | Encoding | Collate |  Ctype  |   Access privileges   |
+-----------------+--------------+----------+---------+---------+-----------------------+
| mario_database  | freecodecamp | UTF8     | C.UTF-8 | C.UTF-8 |                       |
| postgres        | postgres     | UTF8     | C.UTF-8 | C.UTF-8 |                       |
| second_database | freecodecamp | UTF8     | C.UTF-8 | C.UTF-8 |                       |
| template0       | postgres     | UTF8     | C.UTF-8 | C.UTF-8 | =c/postgres          +|
|                 |              |          |         |         | postgres=CTc/postgres |
| template1       | postgres     | UTF8     | C.UTF-8 | C.UTF-8 | =c/postgres          +|
|                 |              |          |         |         | postgres=CTc/postgres |
+-----------------+--------------+----------+---------+---------+-----------------------+
(5 rows)

DROP DATABASE
                                   List of databases
+----------------+--------------+----------+---------+---------+-----------------------+
|      Name      |    Owner     | Encoding | Collate |  Ctype  |   Access privileges   |
+----------------+--------------+----------+---------+---------+-----------------------+
| mario_database | freecodecamp | UTF8     | C.UTF-8 | C.UTF-8 |                       |
| postgres       | postgres     | UTF8     | C.UTF-8 | C.UTF-8 |                       |
| template0      | postgres     | UTF8     | C.UTF-8 | C.UTF-8 | =c/postgres          +|
|                |              |          |         |         | postgres=CTc/postgres |
| template1      | postgres     | UTF8     | C.UTF-8 | C.UTF-8 | =c/postgres          +|
|                |              |          |         |         | postgres=CTc/postgres |
+----------------+--------------+----------+---------+---------+-----------------------+
(4 rows)

                                   List of databases
+----------------+--------------+----------+---------+---------+-----------------------+
|      Name      |    Owner     | Encoding | Collate |  Ctype  |   Access privileges   |
+----------------+--------------+----------+---------+---------+-----------------------+
| mario_database | freecodecamp | UTF8     | C.UTF-8 | C.UTF-8 |                       |
| postgres       | postgres     | UTF8     | C.UTF-8 | C.UTF-8 |                       |
| template0      | postgres     | UTF8     | C.UTF-8 | C.UTF-8 | =c/postgres          +|
|                |              |          |         |         | postgres=CTc/postgres |
| template1      | postgres     | UTF8     | C.UTF-8 | C.UTF-8 | =c/postgres          +|
|                |              |          |         |         | postgres=CTc/postgres |
+----------------+--------------+----------+---------+---------+-----------------------+
(4 rows)

CREATE TABLE
ALTER TABLE
                                     Table "public.characters"
+--------------+---------+-----------+----------+--------------------------------------------------+
|    Column    |  Type   | Collation | Nullable |                     Default                      |
+--------------+---------+-----------+----------+--------------------------------------------------+
| character_id | integer |           | not null | nextval('characters_character_id_seq'::regclass) |
+--------------+---------+-----------+----------+--------------------------------------------------+

ALTER TABLE
                        List of relations
+--------+-----------------------------+----------+--------------+
| Schema |            Name             |   Type   |    Owner     |
+--------+-----------------------------+----------+--------------+
| public | characters                  | table    | freecodecamp |
| public | characters_character_id_seq | sequence | freecodecamp |
+--------+-----------------------------+----------+--------------+
(2 rows)

                                            Table "public.characters"
+--------------+-----------------------+-----------+----------+--------------------------------------------------+
|    Column    |         Type          | Collation | Nullable |                     Default                      |
+--------------+-----------------------+-----------+----------+--------------------------------------------------+
| character_id | integer               |           | not null | nextval('characters_character_id_seq'::regclass) |
| name         | character varying(30) |           | not null |                                                  |
+--------------+-----------------------+-----------+----------+--------------------------------------------------+

ALTER TABLE
                                            Table "public.characters"
+--------------+-----------------------+-----------+----------+--------------------------------------------------+
|    Column    |         Type          | Collation | Nullable |                     Default                      |
+--------------+-----------------------+-----------+----------+--------------------------------------------------+
| character_id | integer               |           | not null | nextval('characters_character_id_seq'::regclass) |
| name         | character varying(30) |           | not null |                                                  |
| homeland     | character varying(60) |           |          |                                                  |
+--------------+-----------------------+-----------+----------+--------------------------------------------------+

ALTER TABLE
                                             Table "public.characters"
+----------------+-----------------------+-----------+----------+--------------------------------------------------+
|     Column     |         Type          | Collation | Nullable |                     Default                      |
+----------------+-----------------------+-----------+----------+--------------------------------------------------+
| character_id   | integer               |           | not null | nextval('characters_character_id_seq'::regclass) |
| name           | character varying(30) |           | not null |                                                  |
| homeland       | character varying(60) |           |          |                                                  |
| favorite_color | character varying(30) |           |          |                                                  |
+----------------+-----------------------+-----------+----------+--------------------------------------------------+

INSERT 0 1
                              
+--------------+-------+------------------+----------------+
| character_id | name  |     homeland     | favorite_color |
+--------------+-------+------------------+----------------+
|            1 | Mario | Mushroom Kingdom | Red            |
+--------------+-------+------------------+----------------+
(1 row)

INSERT 0 1
                              
+--------------+-------+------------------+----------------+
| character_id | name  |     homeland     | favorite_color |
+--------------+-------+------------------+----------------+
|            1 | Mario | Mushroom Kingdom | Red            |
|            2 | Luigi | Mushroom Kingdom | Green          |
+--------------+-------+------------------+----------------+
(2 rows)

INSERT 0 1
INSERT 0 2
INSERT 0 2
                                
+--------------+-----------+------------------+----------------+
| character_id |   name    |     homeland     | favorite_color |
+--------------+-----------+------------------+----------------+
|            1 | Mario     | Mushroom Kingdom | Red            |
|            2 | Luigi     | Mushroom Kingdom | Green          |
|            3 | Peach     | Mushroom Kingdom | Pink           |
|            4 | Toadstool | Mushroom Kingdom | Red            |
|            5 | Bowser    | Mushroom Kingdom | Green          |
|            6 | Daisy     | Sarasaland       | Yellow         |
|            7 | Yoshi     | Dinosaur Land    | Green          |
+--------------+-----------+------------------+----------------+
(7 rows)

UPDATE 1
                                
+--------------+-----------+------------------+----------------+
| character_id |   name    |     homeland     | favorite_color |
+--------------+-----------+------------------+----------------+
|            1 | Mario     | Mushroom Kingdom | Red            |
|            2 | Luigi     | Mushroom Kingdom | Green          |
|            3 | Peach     | Mushroom Kingdom | Pink           |
|            4 | Toadstool | Mushroom Kingdom | Red            |
|            5 | Bowser    | Mushroom Kingdom | Green          |
|            7 | Yoshi     | Dinosaur Land    | Green          |
|            6 | Daisy     | Sarasaland       | Orange         |
+--------------+-----------+------------------+----------------+
(7 rows)

UPDATE 2
                               
+--------------+--------+------------------+----------------+
| character_id |  name  |     homeland     | favorite_color |
+--------------+--------+------------------+----------------+
|            2 | Luigi  | Mushroom Kingdom | Green          |
|            3 | Peach  | Mushroom Kingdom | Pink           |
|            5 | Bowser | Mushroom Kingdom | Green          |
|            7 | Yoshi  | Dinosaur Land    | Green          |
|            6 | Daisy  | Sarasaland       | Orange         |
|            1 | Toad   | Mushroom Kingdom | Red            |
|            4 | Toad   | Mushroom Kingdom | Red            |
+--------------+--------+------------------+----------------+
(7 rows)

                               
+--------------+--------+------------------+----------------+
| character_id |  name  |     homeland     | favorite_color |
+--------------+--------+------------------+----------------+
|            2 | Luigi  | Mushroom Kingdom | Green          |
|            3 | Peach  | Mushroom Kingdom | Pink           |
|            5 | Bowser | Mushroom Kingdom | Green          |
|            7 | Yoshi  | Dinosaur Land    | Green          |
|            6 | Daisy  | Sarasaland       | Orange         |
|            1 | Toad   | Mushroom Kingdom | Red            |
|            4 | Toad   | Mushroom Kingdom | Red            |
+--------------+--------+------------------+----------------+
(7 rows)

UPDATE 1
                               
+--------------+--------+------------------+----------------+
| character_id |  name  |     homeland     | favorite_color |
+--------------+--------+------------------+----------------+
|            2 | Luigi  | Mushroom Kingdom | Green          |
|            3 | Peach  | Mushroom Kingdom | Pink           |
|            5 | Bowser | Mushroom Kingdom | Green          |
|            7 | Yoshi  | Dinosaur Land    | Green          |
|            6 | Daisy  | Sarasaland       | Orange         |
|            4 | Toad   | Mushroom Kingdom | Red            |
|            1 | Mario  | Mushroom Kingdom | Red            |
+--------------+--------+------------------+----------------+
(7 rows)

UPDATE 1
UPDATE 1
UPDATE 1
                               
+--------------+--------+------------------+----------------+
| character_id |  name  |     homeland     | favorite_color |
+--------------+--------+------------------+----------------+
|            2 | Luigi  | Mushroom Kingdom | Green          |
|            3 | Peach  | Mushroom Kingdom | Pink           |
|            7 | Yoshi  | Dinosaur Land    | Green          |
|            6 | Daisy  | Sarasaland       | Orange         |
|            1 | Mario  | Mushroom Kingdom | Red            |
|            4 | Toad   | Mushroom Kingdom | Blue           |
|            5 | Bowser | Koopa Kingdom    | Yellow         |
+--------------+--------+------------------+----------------+
(7 rows)

                               
+--------------+--------+------------------+----------------+
| character_id |  name  |     homeland     | favorite_color |
+--------------+--------+------------------+----------------+
|            1 | Mario  | Mushroom Kingdom | Red            |
|            2 | Luigi  | Mushroom Kingdom | Green          |
|            3 | Peach  | Mushroom Kingdom | Pink           |
|            4 | Toad   | Mushroom Kingdom | Blue           |
|            5 | Bowser | Koopa Kingdom    | Yellow         |
|            6 | Daisy  | Sarasaland       | Orange         |
|            7 | Yoshi  | Dinosaur Land    | Green          |
+--------------+--------+------------------+----------------+
(7 rows)

ALTER TABLE
                                             Table "public.characters"
+----------------+-----------------------+-----------+----------+--------------------------------------------------+
|     Column     |         Type          | Collation | Nullable |                     Default                      |
+----------------+-----------------------+-----------+----------+--------------------------------------------------+
| character_id   | integer               |           | not null | nextval('characters_character_id_seq'::regclass) |
| name           | character varying(30) |           | not null |                                                  |
| homeland       | character varying(60) |           |          |                                                  |
| favorite_color | character varying(30) |           |          |                                                  |
+----------------+-----------------------+-----------+----------+--------------------------------------------------+
Indexes:
    "characters_pkey" PRIMARY KEY, btree (name)

ALTER TABLE
                                             Table "public.characters"
+----------------+-----------------------+-----------+----------+--------------------------------------------------+
|     Column     |         Type          | Collation | Nullable |                     Default                      |
+----------------+-----------------------+-----------+----------+--------------------------------------------------+
| character_id   | integer               |           | not null | nextval('characters_character_id_seq'::regclass) |
| name           | character varying(30) |           | not null |                                                  |
| homeland       | character varying(60) |           |          |                                                  |
| favorite_color | character varying(30) |           |          |                                                  |
+----------------+-----------------------+-----------+----------+--------------------------------------------------+

ALTER TABLE
                                             Table "public.characters"
+----------------+-----------------------+-----------+----------+--------------------------------------------------+
|     Column     |         Type          | Collation | Nullable |                     Default                      |
+----------------+-----------------------+-----------+----------+--------------------------------------------------+
| character_id   | integer               |           | not null | nextval('characters_character_id_seq'::regclass) |
| name           | character varying(30) |           | not null |                                                  |
| homeland       | character varying(60) |           |          |                                                  |
| favorite_color | character varying(30) |           |          |                                                  |
+----------------+-----------------------+-----------+----------+--------------------------------------------------+
Indexes:
    "characters_pkey" PRIMARY KEY, btree (character_id)

                        List of relations
+--------+-----------------------------+----------+--------------+
| Schema |            Name             |   Type   |    Owner     |
+--------+-----------------------------+----------+--------------+
| public | characters                  | table    | freecodecamp |
| public | characters_character_id_seq | sequence | freecodecamp |
+--------+-----------------------------+----------+--------------+
(2 rows)

CREATE TABLE
             Table "public.more_info"
+--------+------+-----------+----------+---------+
| Column | Type | Collation | Nullable | Default |
+--------+------+-----------+----------+---------+
+--------+------+-----------+----------+---------+

                        List of relations
+--------+-----------------------------+----------+--------------+
| Schema |            Name             |   Type   |    Owner     |
+--------+-----------------------------+----------+--------------+
| public | characters                  | table    | freecodecamp |
| public | characters_character_id_seq | sequence | freecodecamp |
| public | more_info                   | table    | freecodecamp |
+--------+-----------------------------+----------+--------------+
(3 rows)

                                             Table "public.characters"
+----------------+-----------------------+-----------+----------+--------------------------------------------------+
|     Column     |         Type          | Collation | Nullable |                     Default                      |
+----------------+-----------------------+-----------+----------+--------------------------------------------------+
| character_id   | integer               |           | not null | nextval('characters_character_id_seq'::regclass) |
| name           | character varying(30) |           | not null |                                                  |
| homeland       | character varying(60) |           |          |                                                  |
| favorite_color | character varying(30) |           |          |                                                  |
+----------------+-----------------------+-----------+----------+--------------------------------------------------+
Indexes:
    "characters_pkey" PRIMARY KEY, btree (character_id)

ALTER TABLE
ALTER TABLE
                                     Table "public.more_info"
+--------------+---------+-----------+----------+-------------------------------------------------+
|    Column    |  Type   | Collation | Nullable |                     Default                     |
+--------------+---------+-----------+----------+-------------------------------------------------+
| more_info_id | integer |           | not null | nextval('more_info_more_info_id_seq'::regclass) |
+--------------+---------+-----------+----------+-------------------------------------------------+
Indexes:
    "more_info_pkey" PRIMARY KEY, btree (more_info_id)

                        List of relations
+--------+-----------------------------+----------+--------------+
| Schema |            Name             |   Type   |    Owner     |
+--------+-----------------------------+----------+--------------+
| public | characters                  | table    | freecodecamp |
| public | characters_character_id_seq | sequence | freecodecamp |
| public | more_info                   | table    | freecodecamp |
| public | more_info_more_info_id_seq  | sequence | freecodecamp |
+--------+-----------------------------+----------+--------------+
(4 rows)

ALTER TABLE
ALTER TABLE
ALTER TABLE
                                        Table "public.more_info"
+--------------+--------------+-----------+----------+-------------------------------------------------+
|    Column    |     Type     | Collation | Nullable |                     Default                     |
+--------------+--------------+-----------+----------+-------------------------------------------------+
| more_info_id | integer      |           | not null | nextval('more_info_more_info_id_seq'::regclass) |
| birthday     | date         |           |          |                                                 |
| height       | integer      |           |          |                                                 |
| weight       | numeric(4,1) |           |          |                                                 |
+--------------+--------------+-----------+----------+-------------------------------------------------+
Indexes:
    "more_info_pkey" PRIMARY KEY, btree (more_info_id)

                        List of relations
+--------+-----------------------------+----------+--------------+
| Schema |            Name             |   Type   |    Owner     |
+--------+-----------------------------+----------+--------------+
| public | characters                  | table    | freecodecamp |
| public | characters_character_id_seq | sequence | freecodecamp |
| public | more_info                   | table    | freecodecamp |
| public | more_info_more_info_id_seq  | sequence | freecodecamp |
+--------+-----------------------------+----------+--------------+
(4 rows)

ALTER TABLE
                        List of relations
+--------+-----------------------------+----------+--------------+
| Schema |            Name             |   Type   |    Owner     |
+--------+-----------------------------+----------+--------------+
| public | characters                  | table    | freecodecamp |
| public | characters_character_id_seq | sequence | freecodecamp |
| public | more_info                   | table    | freecodecamp |
| public | more_info_more_info_id_seq  | sequence | freecodecamp |
+--------+-----------------------------+----------+--------------+
(4 rows)

ALTER TABLE
                        List of relations
+--------+-----------------------------+----------+--------------+
| Schema |            Name             |   Type   |    Owner     |
+--------+-----------------------------+----------+--------------+
| public | characters                  | table    | freecodecamp |
| public | characters_character_id_seq | sequence | freecodecamp |
| public | more_info                   | table    | freecodecamp |
| public | more_info_more_info_id_seq  | sequence | freecodecamp |
+--------+-----------------------------+----------+--------------+
(4 rows)

                                        Table "public.more_info"
+--------------+--------------+-----------+----------+-------------------------------------------------+
|    Column    |     Type     | Collation | Nullable |                     Default                     |
+--------------+--------------+-----------+----------+-------------------------------------------------+
| more_info_id | integer      |           | not null | nextval('more_info_more_info_id_seq'::regclass) |
| birthday     | date         |           |          |                                                 |
| height       | integer      |           |          |                                                 |
| weight       | numeric(4,1) |           |          |                                                 |
+--------------+--------------+-----------+----------+-------------------------------------------------+
Indexes:
    "more_info_pkey" PRIMARY KEY, btree (more_info_id)

                                             Table "public.characters"
+----------------+-----------------------+-----------+----------+--------------------------------------------------+
|     Column     |         Type          | Collation | Nullable |                     Default                      |
+----------------+-----------------------+-----------+----------+--------------------------------------------------+
| character_id   | integer               |           | not null | nextval('characters_character_id_seq'::regclass) |
| name           | character varying(30) |           | not null |                                                  |
| homeland       | character varying(60) |           |          |                                                  |
| favorite_color | character varying(30) |           |          |                                                  |
+----------------+-----------------------+-----------+----------+--------------------------------------------------+
Indexes:
    "characters_pkey" PRIMARY KEY, btree (character_id)

ALTER TABLE
                                        Table "public.more_info"
+--------------+--------------+-----------+----------+-------------------------------------------------+
|    Column    |     Type     | Collation | Nullable |                     Default                     |
+--------------+--------------+-----------+----------+-------------------------------------------------+
| more_info_id | integer      |           | not null | nextval('more_info_more_info_id_seq'::regclass) |
| birthday     | date         |           |          |                                                 |
| height       | integer      |           |          |                                                 |
| weight       | numeric(4,1) |           |          |                                                 |
| character_id | integer      |           |          |                                                 |
+--------------+--------------+-----------+----------+-------------------------------------------------+
Indexes:
    "more_info_pkey" PRIMARY KEY, btree (more_info_id)
Foreign-key constraints:
    "more_info_character_id_fkey" FOREIGN KEY (character_id) REFERENCES characters(character_id)

ALTER TABLE
ALTER TABLE
                                        Table "public.more_info"
+--------------+--------------+-----------+----------+-------------------------------------------------+
|    Column    |     Type     | Collation | Nullable |                     Default                     |
+--------------+--------------+-----------+----------+-------------------------------------------------+
| more_info_id | integer      |           | not null | nextval('more_info_more_info_id_seq'::regclass) |
| birthday     | date         |           |          |                                                 |
| height       | integer      |           |          |                                                 |
| weight       | numeric(4,1) |           |          |                                                 |
| character_id | integer      |           | not null |                                                 |
+--------------+--------------+-----------+----------+-------------------------------------------------+
Indexes:
    "more_info_pkey" PRIMARY KEY, btree (more_info_id)
    "more_info_character_id_key" UNIQUE CONSTRAINT, btree (character_id)
Foreign-key constraints:
    "more_info_character_id_fkey" FOREIGN KEY (character_id) REFERENCES characters(character_id)

        
+--------------+
| character_id |
+--------------+
|            2 |
|            3 |
|            7 |
|            6 |
|            1 |
|            4 |
|            5 |
+--------------+
(7 rows)

             
+--------------+--------+
| character_id |  name  |
+--------------+--------+
|            2 | Luigi  |
|            3 | Peach  |
|            7 | Yoshi  |
|            6 | Daisy  |
|            1 | Mario  |
|            4 | Toad   |
|            5 | Bowser |
+--------------+--------+
(7 rows)

INSERT 0 1
                               
+--------------+------------+--------+--------+--------------+
| more_info_id |  birthday  | height | weight | character_id |
+--------------+------------+--------+--------+--------------+
|            1 | 1981-07-09 |    155 |   64.5 |            1 |
+--------------+------------+--------+--------+--------------+
(1 row)

             
+--------------+--------+
| character_id |  name  |
+--------------+--------+
|            2 | Luigi  |
|            3 | Peach  |
|            7 | Yoshi  |
|            6 | Daisy  |
|            1 | Mario  |
|            4 | Toad   |
|            5 | Bowser |
+--------------+--------+
(7 rows)

INSERT 0 1
UPDATE 1
                               
+--------------+------------+--------+--------+--------------+
| more_info_id |  birthday  | height | weight | character_id |
+--------------+------------+--------+--------+--------------+
|            1 | 1981-07-09 |    155 |   64.5 |            1 |
|            2 | 1983-07-14 |    175 |   48.8 |            2 |
+--------------+------------+--------+--------+--------------+
(2 rows)

             
+--------------+--------+
| character_id |  name  |
+--------------+--------+
|            2 | Luigi  |
|            3 | Peach  |
|            7 | Yoshi  |
|            6 | Daisy  |
|            1 | Mario  |
|            4 | Toad   |
|            5 | Bowser |
+--------------+--------+
(7 rows)

INSERT 0 1
                              
+--------------+------+------------------+----------------+
| character_id | name |     homeland     | favorite_color |
+--------------+------+------------------+----------------+
|            4 | Toad | Mushroom Kingdom | Blue           |
+--------------+------+------------------+----------------+
(1 row)

            
+--------------+------+
| character_id | name |
+--------------+------+
|            4 | Toad |
+--------------+------+
(1 row)

INSERT 0 1
                               
+--------------+------------+--------+--------+--------------+
| more_info_id |  birthday  | height | weight | character_id |
+--------------+------------+--------+--------+--------------+
|            1 | 1981-07-09 |    155 |   64.5 |            1 |
|            2 | 1983-07-14 |    175 |   48.8 |            2 |
|            3 | 1985-10-18 |    173 |   52.2 |            3 |
|            4 | 1950-01-10 |     66 |   35.6 |            4 |
+--------------+------------+--------+--------+--------------+
(4 rows)

             
+--------------+--------+
| character_id |  name  |
+--------------+--------+
|            5 | Bowser |
+--------------+--------+
(1 row)

INSERT 0 1
            
+--------------+-------+
| character_id | name  |
+--------------+-------+
|            6 | Daisy |
+--------------+-------+
(1 row)

INSERT 0 1
                               
+--------------+------------+--------+--------+--------------+
| more_info_id |  birthday  | height | weight | character_id |
+--------------+------------+--------+--------+--------------+
|            1 | 1981-07-09 |    155 |   64.5 |            1 |
|            2 | 1983-07-14 |    175 |   48.8 |            2 |
|            3 | 1985-10-18 |    173 |   52.2 |            3 |
|            4 | 1950-01-10 |     66 |   35.6 |            4 |
|            5 | 1990-10-29 |    258 |  300.0 |            5 |
|            6 | 1989-07-31 |        |        |            6 |
+--------------+------------+--------+--------+--------------+
(6 rows)

            
+--------------+-------+
| character_id | name  |
+--------------+-------+
|            7 | Yoshi |
+--------------+-------+
(1 row)

INSERT 0 1
                               
+--------------+------------+--------+--------+--------------+
| more_info_id |  birthday  | height | weight | character_id |
+--------------+------------+--------+--------+--------------+
|            1 | 1981-07-09 |    155 |   64.5 |            1 |
|            2 | 1983-07-14 |    175 |   48.8 |            2 |
|            3 | 1985-10-18 |    173 |   52.2 |            3 |
|            4 | 1950-01-10 |     66 |   35.6 |            4 |
|            5 | 1990-10-29 |    258 |  300.0 |            5 |
|            6 | 1989-07-31 |        |        |            6 |
|            7 | 1990-04-13 |    162 |   59.1 |            7 |
+--------------+------------+--------+--------+--------------+
(7 rows)

ALTER TABLE
ALTER TABLE
                                     
+--------------+------------+--------------+--------------+--------------+
| more_info_id |  birthday  | height_in_cm | weight_in_kg | character_id |
+--------------+------------+--------------+--------------+--------------+
|            1 | 1981-07-09 |          155 |         64.5 |            1 |
|            2 | 1983-07-14 |          175 |         48.8 |            2 |
|            3 | 1985-10-18 |          173 |         52.2 |            3 |
|            4 | 1950-01-10 |           66 |         35.6 |            4 |
|            5 | 1990-10-29 |          258 |        300.0 |            5 |
|            6 | 1989-07-31 |              |              |            6 |
|            7 | 1990-04-13 |          162 |         59.1 |            7 |
+--------------+------------+--------------+--------------+--------------+
(7 rows)

CREATE TABLE
                                 Table "public.sounds"
+----------+---------+-----------+----------+------------------------------------------+
|  Column  |  Type   | Collation | Nullable |                 Default                  |
+----------+---------+-----------+----------+------------------------------------------+
| sound_id | integer |           | not null | nextval('sounds_sound_id_seq'::regclass) |
+----------+---------+-----------+----------+------------------------------------------+
Indexes:
    "sounds_pkey" PRIMARY KEY, btree (sound_id)

                        List of relations
+--------+-----------------------------+----------+--------------+
| Schema |            Name             |   Type   |    Owner     |
+--------+-----------------------------+----------+--------------+
| public | characters                  | table    | freecodecamp |
| public | characters_character_id_seq | sequence | freecodecamp |
| public | more_info                   | table    | freecodecamp |
| public | more_info_more_info_id_seq  | sequence | freecodecamp |
| public | sounds                      | table    | freecodecamp |
| public | sounds_sound_id_seq         | sequence | freecodecamp |
+--------+-----------------------------+----------+--------------+
(6 rows)

ALTER TABLE
ALTER TABLE
                                          Table "public.sounds"
+--------------+-----------------------+-----------+----------+------------------------------------------+
|    Column    |         Type          | Collation | Nullable |                 Default                  |
+--------------+-----------------------+-----------+----------+------------------------------------------+
| sound_id     | integer               |           | not null | nextval('sounds_sound_id_seq'::regclass) |
| filename     | character varying(40) |           | not null |                                          |
| character_id | integer               |           | not null |                                          |
+--------------+-----------------------+-----------+----------+------------------------------------------+
Indexes:
    "sounds_pkey" PRIMARY KEY, btree (sound_id)
    "sounds_filename_key" UNIQUE CONSTRAINT, btree (filename)
Foreign-key constraints:
    "sounds_character_id_fkey" FOREIGN KEY (character_id) REFERENCES characters(character_id)

                               
+--------------+--------+------------------+----------------+
| character_id |  name  |     homeland     | favorite_color |
+--------------+--------+------------------+----------------+
|            1 | Mario  | Mushroom Kingdom | Red            |
|            2 | Luigi  | Mushroom Kingdom | Green          |
|            3 | Peach  | Mushroom Kingdom | Pink           |
|            4 | Toad   | Mushroom Kingdom | Blue           |
|            5 | Bowser | Koopa Kingdom    | Yellow         |
|            6 | Daisy  | Sarasaland       | Orange         |
|            7 | Yoshi  | Dinosaur Land    | Green          |
+--------------+--------+------------------+----------------+
(7 rows)

INSERT 0 1
INSERT 0 1
INSERT 0 1
INSERT 0 1
INSERT 0 2
            
+--------------+------+
| character_id | name |
+--------------+------+
+--------------+------+
(0 rows)

            
+--------------+-------+
| character_id | name  |
+--------------+-------+
|            3 | Peach |
|            1 | Mario |
+--------------+-------+
(2 rows)

INSERT 0 2
                     
+----------+--------------+--------------+
| sound_id |   filename   | character_id |
+----------+--------------+--------------+
|        1 | its-a-me.wav |            1 |
|        2 | yippee.wav   |            1 |
|        3 | ha-ha.wav    |            2 |
|        4 | oh-yeah.wav  |            2 |
|        5 | yay.wav      |            3 |
|        6 | woo-hoo.wav  |            3 |
|        7 | mm-hmm.wav   |            3 |
|        8 | yahoo.wav    |            1 |
+----------+--------------+--------------+
(8 rows)

CREATE TABLE
ALTER TABLE
INSERT 0 1
INSERT 0 1
INSERT 0 1
           
+-----------+--------+
| action_id | action |
+-----------+--------+
|         1 | run    |
|         2 | jump   |
|         3 | duck   |
+-----------+--------+
(3 rows)

CREATE TABLE
ALTER TABLE
ALTER TABLE
        
+--------------+
| character_id |
+--------------+
+--------------+
(0 rows)

             Table "public.character_actions"
+--------------+---------+-----------+----------+---------+
|    Column    |  Type   | Collation | Nullable | Default |
+--------------+---------+-----------+----------+---------+
| character_id | integer |           | not null |         |
+--------------+---------+-----------+----------+---------+
Foreign-key constraints:
    "character_actions_character_id_fkey" FOREIGN KEY (character_id) REFERENCES characters(character_id)

ALTER TABLE
ALTER TABLE
ALTER TABLE
             Table "public.character_actions"
+--------------+---------+-----------+----------+---------+
|    Column    |  Type   | Collation | Nullable | Default |
+--------------+---------+-----------+----------+---------+
| character_id | integer |           | not null |         |
| action_id    | integer |           | not null |         |
+--------------+---------+-----------+----------+---------+
Foreign-key constraints:
    "character_actions_action_id_fkey" FOREIGN KEY (action_id) REFERENCES characters(character_id)
    "character_actions_action_id_fkey1" FOREIGN KEY (action_id) REFERENCES actions(action_id)
    "character_actions_character_id_fkey" FOREIGN KEY (character_id) REFERENCES characters(character_id)

ALTER TABLE
             Table "public.character_actions"
+--------------+---------+-----------+----------+---------+
|    Column    |  Type   | Collation | Nullable | Default |
+--------------+---------+-----------+----------+---------+
| character_id | integer |           | not null |         |
| action_id    | integer |           | not null |         |
+--------------+---------+-----------+----------+---------+
Foreign-key constraints:
    "character_actions_action_id_fkey1" FOREIGN KEY (action_id) REFERENCES actions(action_id)
    "character_actions_character_id_fkey" FOREIGN KEY (character_id) REFERENCES characters(character_id)

             Table "public.character_actions"
+--------------+---------+-----------+----------+---------+
|    Column    |  Type   | Collation | Nullable | Default |
+--------------+---------+-----------+----------+---------+
| character_id | integer |           | not null |         |
| action_id    | integer |           | not null |         |
+--------------+---------+-----------+----------+---------+
Foreign-key constraints:
    "character_actions_action_id_fkey1" FOREIGN KEY (action_id) REFERENCES actions(action_id)
    "character_actions_character_id_fkey" FOREIGN KEY (character_id) REFERENCES characters(character_id)

ALTER TABLE
             Table "public.character_actions"
+--------------+---------+-----------+----------+---------+
|    Column    |  Type   | Collation | Nullable | Default |
+--------------+---------+-----------+----------+---------+
| character_id | integer |           | not null |         |
| action_id    | integer |           | not null |         |
+--------------+---------+-----------+----------+---------+
Indexes:
    "character_actions_pkey" PRIMARY KEY, btree (character_id, action_id)
Foreign-key constraints:
    "character_actions_action_id_fkey1" FOREIGN KEY (action_id) REFERENCES actions(action_id)
    "character_actions_character_id_fkey" FOREIGN KEY (character_id) REFERENCES characters(character_id)

            
+--------------+-------+
| character_id | name  |
+--------------+-------+
|            7 | Yoshi |
+--------------+-------+
(1 row)

           
+-----------+--------+
| action_id | action |
+-----------+--------+
|         1 | run    |
|         2 | jump   |
|         3 | duck   |
+-----------+--------+
(3 rows)

INSERT 0 3
              
+--------------+-----------+
| character_id | action_id |
+--------------+-----------+
|            7 |         1 |
|            7 |         2 |
|            7 |         3 |
+--------------+-----------+
(3 rows)

INSERT 0 3
              
+--------------+-----------+
| character_id | action_id |
+--------------+-----------+
|            7 |         1 |
|            7 |         2 |
|            7 |         3 |
|            6 |         1 |
|            6 |         2 |
|            6 |         3 |
+--------------+-----------+
(6 rows)

             
+--------------+--------+
| character_id |  name  |
+--------------+--------+
|            2 | Luigi  |
|            3 | Peach  |
|            7 | Yoshi  |
|            6 | Daisy  |
|            1 | Mario  |
|            4 | Toad   |
|            5 | Bowser |
+--------------+--------+
(7 rows)

INSERT 0 3
INSERT 0 3
INSERT 0 3
INSERT 0 3
INSERT 0 3
              
+--------------+-----------+
| character_id | action_id |
+--------------+-----------+
|            7 |         1 |
|            7 |         2 |
|            7 |         3 |
|            6 |         1 |
|            6 |         2 |
|            6 |         3 |
|            5 |         1 |
|            5 |         2 |
|            5 |         3 |
|            4 |         1 |
|            4 |         2 |
|            4 |         3 |
|            3 |         1 |
|            3 |         2 |
|            3 |         3 |
|            2 |         1 |
|            2 |         2 |
|            2 |         3 |
|            1 |         1 |
|            1 |         2 |
|            1 |         3 |
+--------------+-----------+
(21 rows)

                        List of relations
+--------+-----------------------------+----------+--------------+
| Schema |            Name             |   Type   |    Owner     |
+--------+-----------------------------+----------+--------------+
| public | actions                     | table    | freecodecamp |
| public | actions_action_id_seq       | sequence | freecodecamp |
| public | character_actions           | table    | freecodecamp |
| public | characters                  | table    | freecodecamp |
| public | characters_character_id_seq | sequence | freecodecamp |
| public | more_info                   | table    | freecodecamp |
| public | more_info_more_info_id_seq  | sequence | freecodecamp |
| public | sounds                      | table    | freecodecamp |
| public | sounds_sound_id_seq         | sequence | freecodecamp |
+--------+-----------------------------+----------+--------------+
(9 rows)

                               
+--------------+--------+------------------+----------------+
| character_id |  name  |     homeland     | favorite_color |
+--------------+--------+------------------+----------------+
|            2 | Luigi  | Mushroom Kingdom | Green          |
|            3 | Peach  | Mushroom Kingdom | Pink           |
|            7 | Yoshi  | Dinosaur Land    | Green          |
|            6 | Daisy  | Sarasaland       | Orange         |
|            1 | Mario  | Mushroom Kingdom | Red            |
|            4 | Toad   | Mushroom Kingdom | Blue           |
|            5 | Bowser | Koopa Kingdom    | Yellow         |
+--------------+--------+------------------+----------------+
(7 rows)

                                     
+--------------+------------+--------------+--------------+--------------+
| more_info_id |  birthday  | height_in_cm | weight_in_kg | character_id |
+--------------+------------+--------------+--------------+--------------+
|            1 | 1981-07-09 |          155 |         64.5 |            1 |
|            2 | 1983-07-14 |          175 |         48.8 |            2 |
|            3 | 1985-10-18 |          173 |         52.2 |            3 |
|            4 | 1950-01-10 |           66 |         35.6 |            4 |
|            5 | 1990-10-29 |          258 |        300.0 |            5 |
|            6 | 1989-07-31 |              |              |            6 |
|            7 | 1990-04-13 |          162 |         59.1 |            7 |
+--------------+------------+--------------+--------------+--------------+
(7 rows)

                                                                   
+--------------+--------+------------------+----------------+--------------+------------+--------------+--------------+--------------+
| character_id |  name  |     homeland     | favorite_color | more_info_id |  birthday  | height_in_cm | weight_in_kg | character_id |
+--------------+--------+------------------+----------------+--------------+------------+--------------+--------------+--------------+
|            1 | Mario  | Mushroom Kingdom | Red            |            1 | 1981-07-09 |          155 |         64.5 |            1 |
|            2 | Luigi  | Mushroom Kingdom | Green          |            2 | 1983-07-14 |          175 |         48.8 |            2 |
|            3 | Peach  | Mushroom Kingdom | Pink           |            3 | 1985-10-18 |          173 |         52.2 |            3 |
|            4 | Toad   | Mushroom Kingdom | Blue           |            4 | 1950-01-10 |           66 |         35.6 |            4 |
|            5 | Bowser | Koopa Kingdom    | Yellow         |            5 | 1990-10-29 |          258 |        300.0 |            5 |
|            6 | Daisy  | Sarasaland       | Orange         |            6 | 1989-07-31 |              |              |            6 |
|            7 | Yoshi  | Dinosaur Land    | Green          |            7 | 1990-04-13 |          162 |         59.1 |            7 |
+--------------+--------+------------------+----------------+--------------+------------+--------------+--------------+--------------+
(7 rows)

                                                                   
+--------------+--------+------------------+----------------+--------------+------------+--------------+--------------+--------------+
| character_id |  name  |     homeland     | favorite_color | more_info_id |  birthday  | height_in_cm | weight_in_kg | character_id |
+--------------+--------+------------------+----------------+--------------+------------+--------------+--------------+--------------+
|            1 | Mario  | Mushroom Kingdom | Red            |            1 | 1981-07-09 |          155 |         64.5 |            1 |
|            2 | Luigi  | Mushroom Kingdom | Green          |            2 | 1983-07-14 |          175 |         48.8 |            2 |
|            3 | Peach  | Mushroom Kingdom | Pink           |            3 | 1985-10-18 |          173 |         52.2 |            3 |
|            4 | Toad   | Mushroom Kingdom | Blue           |            4 | 1950-01-10 |           66 |         35.6 |            4 |
|            5 | Bowser | Koopa Kingdom    | Yellow         |            5 | 1990-10-29 |          258 |        300.0 |            5 |
|            6 | Daisy  | Sarasaland       | Orange         |            6 | 1989-07-31 |              |              |            6 |
|            7 | Yoshi  | Dinosaur Land    | Green          |            7 | 1990-04-13 |          162 |         59.1 |            7 |
+--------------+--------+------------------+----------------+--------------+------------+--------------+--------------+--------------+
(7 rows)

                                                   
+--------------+--------+------------------+----------------+----------+--------------+--------------+
| character_id |  name  |     homeland     | favorite_color | sound_id |   filename   | character_id |
+--------------+--------+------------------+----------------+----------+--------------+--------------+
|            1 | Mario  | Mushroom Kingdom | Red            |        1 | its-a-me.wav |            1 |
|            1 | Mario  | Mushroom Kingdom | Red            |        2 | yippee.wav   |            1 |
|            2 | Luigi  | Mushroom Kingdom | Green          |        3 | ha-ha.wav    |            2 |
|            2 | Luigi  | Mushroom Kingdom | Green          |        4 | oh-yeah.wav  |            2 |
|            3 | Peach  | Mushroom Kingdom | Pink           |        5 | yay.wav      |            3 |
|            3 | Peach  | Mushroom Kingdom | Pink           |        6 | woo-hoo.wav  |            3 |
|            3 | Peach  | Mushroom Kingdom | Pink           |        7 | mm-hmm.wav   |            3 |
|            1 | Mario  | Mushroom Kingdom | Red            |        8 | yahoo.wav    |            1 |
|            5 | Bowser | Koopa Kingdom    | Yellow         |          |              |              |
|            6 | Daisy  | Sarasaland       | Orange         |          |              |              |
|            4 | Toad   | Mushroom Kingdom | Blue           |          |              |              |
|            7 | Yoshi  | Dinosaur Land    | Green          |          |              |              |
+--------------+--------+------------------+----------------+----------+--------------+--------------+
(12 rows)

                                                       
+--------------+-----------+--------------+--------+------------------+----------------+-----------+--------+
| character_id | action_id | character_id |  name  |     homeland     | favorite_color | action_id | action |
+--------------+-----------+--------------+--------+------------------+----------------+-----------+--------+
|            7 |         1 |            7 | Yoshi  | Dinosaur Land    | Green          |         1 | run    |
|            7 |         2 |            7 | Yoshi  | Dinosaur Land    | Green          |         2 | jump   |
|            7 |         3 |            7 | Yoshi  | Dinosaur Land    | Green          |         3 | duck   |
|            6 |         1 |            6 | Daisy  | Sarasaland       | Orange         |         1 | run    |
|            6 |         2 |            6 | Daisy  | Sarasaland       | Orange         |         2 | jump   |
|            6 |         3 |            6 | Daisy  | Sarasaland       | Orange         |         3 | duck   |
|            5 |         1 |            5 | Bowser | Koopa Kingdom    | Yellow         |         1 | run    |
|            5 |         2 |            5 | Bowser | Koopa Kingdom    | Yellow         |         2 | jump   |
|            5 |         3 |            5 | Bowser | Koopa Kingdom    | Yellow         |         3 | duck   |
|            4 |         1 |            4 | Toad   | Mushroom Kingdom | Blue           |         1 | run    |
|            4 |         2 |            4 | Toad   | Mushroom Kingdom | Blue           |         2 | jump   |
|            4 |         3 |            4 | Toad   | Mushroom Kingdom | Blue           |         3 | duck   |
|            3 |         1 |            3 | Peach  | Mushroom Kingdom | Pink           |         1 | run    |
|            3 |         2 |            3 | Peach  | Mushroom Kingdom | Pink           |         2 | jump   |
|            3 |         3 |            3 | Peach  | Mushroom Kingdom | Pink           |         3 | duck   |
|            2 |         1 |            2 | Luigi  | Mushroom Kingdom | Green          |         1 | run    |
|            2 |         2 |            2 | Luigi  | Mushroom Kingdom | Green          |         2 | jump   |
|            2 |         3 |            2 | Luigi  | Mushroom Kingdom | Green          |         3 | duck   |
|            1 |         1 |            1 | Mario  | Mushroom Kingdom | Red            |         1 | run    |
|            1 |         2 |            1 | Mario  | Mushroom Kingdom | Red            |         2 | jump   |
|            1 |         3 |            1 | Mario  | Mushroom Kingdom | Red            |         3 | duck   |
+--------------+-----------+--------------+--------+------------------+----------------+-----------+--------+
(21 rows)

